This file contains any messages produced by compilers while
running configure, to aid debugging if configure makes a mistake.

It was created by genesis configure 1.4.0, which was
generated by GNU Autoconf 2.69.  Invocation command line was

  $ ./configure 

## --------- ##
## Platform. ##
## --------- ##

hostname = guest-Precision-7550
uname -m = x86_64
uname -r = 5.4.0-72-generic
uname -s = Linux
uname -v = #80~18.04.1-Ubuntu SMP Mon Apr 12 23:26:25 UTC 2021

/usr/bin/uname -p = unknown
/bin/uname -X     = unknown

/bin/arch              = unknown
/usr/bin/arch -k       = unknown
/usr/convex/getsysinfo = unknown
/usr/bin/hostinfo      = unknown
/bin/machine           = unknown
/usr/bin/oslevel       = unknown
/bin/universe          = unknown

PATH: /home/guest/miniconda3/bin
PATH: /home/guest/miniconda3/condabin
PATH: /usr/local/cuda-11.2/bin
PATH: /home/guest/xmipp-bundle/xmipp/build/bin
PATH: /home/guest/bin
PATH: /usr/local/sbin
PATH: /usr/local/bin
PATH: /usr/sbin
PATH: /usr/bin
PATH: /sbin
PATH: /bin
PATH: /usr/games
PATH: /usr/local/games
PATH: /snap/bin


## ----------- ##
## Core tests. ##
## ----------- ##

configure:1974: checking for a BSD-compatible install
configure:2042: result: /usr/bin/install -c
configure:2053: checking whether build environment is sane
configure:2108: result: yes
configure:2259: checking for a thread-safe mkdir -p
configure:2298: result: /bin/mkdir -p
configure:2305: checking for gawk
configure:2335: result: no
configure:2305: checking for mawk
configure:2321: found /usr/bin/mawk
configure:2332: result: mawk
configure:2343: checking whether make sets $(MAKE)
configure:2365: result: yes
configure:2394: checking whether make supports nested variables
configure:2411: result: yes
configure:2501: checking whether make sets $(MAKE)
configure:2523: result: yes
configure:2578: checking for ranlib
configure:2594: found /usr/bin/ranlib
configure:2605: result: ranlib
configure:2747: checking for mpifrtpx
configure:2777: result: no
configure:2747: checking for mpifrt
configure:2777: result: no
configure:2747: checking for mpif90
configure:2763: found /usr/bin/mpif90
configure:2774: result: mpif90
configure:2800: checking for Fortran compiler version
configure:2809: mpif90 --version >&5
GNU Fortran (Ubuntu 7.5.0-3ubuntu1~18.04) 7.5.0
Copyright (C) 2017 Free Software Foundation, Inc.
This is free software; see the source for copying conditions.  There is NO
warranty; not even for MERCHANTABILITY or FITNESS FOR A PARTICULAR PURPOSE.

configure:2820: $? = 0
configure:2809: mpif90 -v >&5
mpifort for MPICH version 3.3a2
Using built-in specs.
COLLECT_GCC=gfortran
COLLECT_LTO_WRAPPER=/usr/lib/gcc/x86_64-linux-gnu/7/lto-wrapper
OFFLOAD_TARGET_NAMES=nvptx-none
OFFLOAD_TARGET_DEFAULT=1
Target: x86_64-linux-gnu
Configured with: ../src/configure -v --with-pkgversion='Ubuntu 7.5.0-3ubuntu1~18.04' --with-bugurl=file:///usr/share/doc/gcc-7/README.Bugs --enable-languages=c,ada,c++,go,brig,d,fortran,objc,obj-c++ --prefix=/usr --with-gcc-major-version-only --program-suffix=-7 --program-prefix=x86_64-linux-gnu- --enable-shared --enable-linker-build-id --libexecdir=/usr/lib --without-included-gettext --enable-threads=posix --libdir=/usr/lib --enable-nls --enable-bootstrap --enable-clocale=gnu --enable-libstdcxx-debug --enable-libstdcxx-time=yes --with-default-libstdcxx-abi=new --enable-gnu-unique-object --disable-vtable-verify --enable-libmpx --enable-plugin --enable-default-pie --with-system-zlib --with-target-system-zlib --enable-objc-gc=auto --enable-multiarch --disable-werror --with-arch-32=i686 --with-abi=m64 --with-multilib-list=m32,m64,mx32 --enable-multilib --with-tune=generic --enable-offload-targets=nvptx-none --without-cuda-driver --enable-checking=release --build=x86_64-linux-gnu --host=x86_64-linux-gnu --target=x86_64-linux-gnu
Thread model: posix
gcc version 7.5.0 (Ubuntu 7.5.0-3ubuntu1~18.04) 
configure:2820: $? = 0
configure:2809: mpif90 -V >&5
gfortran: error: unrecognized command line option '-V'
configure:2820: $? = 1
configure:2809: mpif90 -qversion >&5
gfortran: error: unrecognized command line option '-qversion'; did you mean '--version'?
configure:2820: $? = 1
configure:2835: checking whether the Fortran compiler works
configure:2857: mpif90    conftest.f  >&5
configure:2861: $? = 0
configure:2909: result: yes
configure:2912: checking for Fortran compiler default output file name
configure:2914: result: a.out
configure:2920: checking for suffix of executables
configure:2927: mpif90 -o conftest    conftest.f  >&5
configure:2931: $? = 0
configure:2953: result: 
configure:2969: checking whether we are cross compiling
configure:2977: mpif90 -o conftest    conftest.f  >&5
configure:2981: $? = 0
configure:2988: ./conftest
configure:2992: $? = 0
configure:3007: result: no
configure:3012: checking for suffix of object files
configure:3028: mpif90 -c   conftest.f >&5
configure:3032: $? = 0
configure:3053: result: o
configure:3061: checking whether we are using the GNU Fortran compiler
configure:3074: mpif90 -c   conftest.F >&5
configure:3074: $? = 0
configure:3083: result: yes
configure:3089: checking whether mpif90 accepts -g
configure:3100: mpif90 -c -g  conftest.f >&5
configure:3100: $? = 0
configure:3108: result: yes
configure:3189: checking for mpifrtpx
configure:3219: result: no
configure:3189: checking for mpifrt
configure:3219: result: no
configure:3189: checking for mpif90
configure:3205: found /usr/bin/mpif90
configure:3216: result: mpif90
configure:3242: checking for Fortran 77 compiler version
configure:3251: mpif90 --version >&5
GNU Fortran (Ubuntu 7.5.0-3ubuntu1~18.04) 7.5.0
Copyright (C) 2017 Free Software Foundation, Inc.
This is free software; see the source for copying conditions.  There is NO
warranty; not even for MERCHANTABILITY or FITNESS FOR A PARTICULAR PURPOSE.

configure:3262: $? = 0
configure:3251: mpif90 -v >&5
mpifort for MPICH version 3.3a2
Using built-in specs.
COLLECT_GCC=gfortran
COLLECT_LTO_WRAPPER=/usr/lib/gcc/x86_64-linux-gnu/7/lto-wrapper
OFFLOAD_TARGET_NAMES=nvptx-none
OFFLOAD_TARGET_DEFAULT=1
Target: x86_64-linux-gnu
Configured with: ../src/configure -v --with-pkgversion='Ubuntu 7.5.0-3ubuntu1~18.04' --with-bugurl=file:///usr/share/doc/gcc-7/README.Bugs --enable-languages=c,ada,c++,go,brig,d,fortran,objc,obj-c++ --prefix=/usr --with-gcc-major-version-only --program-suffix=-7 --program-prefix=x86_64-linux-gnu- --enable-shared --enable-linker-build-id --libexecdir=/usr/lib --without-included-gettext --enable-threads=posix --libdir=/usr/lib --enable-nls --enable-bootstrap --enable-clocale=gnu --enable-libstdcxx-debug --enable-libstdcxx-time=yes --with-default-libstdcxx-abi=new --enable-gnu-unique-object --disable-vtable-verify --enable-libmpx --enable-plugin --enable-default-pie --with-system-zlib --with-target-system-zlib --enable-objc-gc=auto --enable-multiarch --disable-werror --with-arch-32=i686 --with-abi=m64 --with-multilib-list=m32,m64,mx32 --enable-multilib --with-tune=generic --enable-offload-targets=nvptx-none --without-cuda-driver --enable-checking=release --build=x86_64-linux-gnu --host=x86_64-linux-gnu --target=x86_64-linux-gnu
Thread model: posix
gcc version 7.5.0 (Ubuntu 7.5.0-3ubuntu1~18.04) 
configure:3262: $? = 0
configure:3251: mpif90 -V >&5
gfortran: error: unrecognized command line option '-V'
configure:3262: $? = 1
configure:3251: mpif90 -qversion >&5
gfortran: error: unrecognized command line option '-qversion'; did you mean '--version'?
configure:3262: $? = 1
configure:3271: checking whether we are using the GNU Fortran 77 compiler
configure:3284: mpif90 -c  conftest.F >&5
configure:3284: $? = 0
configure:3293: result: yes
configure:3299: checking whether mpif90 accepts -g
configure:3310: mpif90 -c -g conftest.f >&5
configure:3310: $? = 0
configure:3318: result: yes
configure:3348: checking for actual compiler
configure:3388: result: gfortran
configure:3515: checking for mpifccpx
configure:3545: result: no
configure:3515: checking for mpifcc
configure:3545: result: no
configure:3515: checking for mpicc
configure:3531: found /usr/bin/mpicc
configure:3542: result: mpicc
configure:3573: checking for C compiler version
configure:3582: mpicc --version >&5
gcc (Ubuntu 7.5.0-3ubuntu1~18.04) 7.5.0
Copyright (C) 2017 Free Software Foundation, Inc.
This is free software; see the source for copying conditions.  There is NO
warranty; not even for MERCHANTABILITY or FITNESS FOR A PARTICULAR PURPOSE.

configure:3593: $? = 0
configure:3582: mpicc -v >&5
mpicc for MPICH version 3.3a2
Using built-in specs.
COLLECT_GCC=gcc
COLLECT_LTO_WRAPPER=/usr/lib/gcc/x86_64-linux-gnu/7/lto-wrapper
OFFLOAD_TARGET_NAMES=nvptx-none
OFFLOAD_TARGET_DEFAULT=1
Target: x86_64-linux-gnu
Configured with: ../src/configure -v --with-pkgversion='Ubuntu 7.5.0-3ubuntu1~18.04' --with-bugurl=file:///usr/share/doc/gcc-7/README.Bugs --enable-languages=c,ada,c++,go,brig,d,fortran,objc,obj-c++ --prefix=/usr --with-gcc-major-version-only --program-suffix=-7 --program-prefix=x86_64-linux-gnu- --enable-shared --enable-linker-build-id --libexecdir=/usr/lib --without-included-gettext --enable-threads=posix --libdir=/usr/lib --enable-nls --enable-bootstrap --enable-clocale=gnu --enable-libstdcxx-debug --enable-libstdcxx-time=yes --with-default-libstdcxx-abi=new --enable-gnu-unique-object --disable-vtable-verify --enable-libmpx --enable-plugin --enable-default-pie --with-system-zlib --with-target-system-zlib --enable-objc-gc=auto --enable-multiarch --disable-werror --with-arch-32=i686 --with-abi=m64 --with-multilib-list=m32,m64,mx32 --enable-multilib --with-tune=generic --enable-offload-targets=nvptx-none --without-cuda-driver --enable-checking=release --build=x86_64-linux-gnu --host=x86_64-linux-gnu --target=x86_64-linux-gnu
Thread model: posix
gcc version 7.5.0 (Ubuntu 7.5.0-3ubuntu1~18.04) 
configure:3593: $? = 0
configure:3582: mpicc -V >&5
gcc: error: unrecognized command line option '-V'
configure:3593: $? = 1
configure:3582: mpicc -qversion >&5
gcc: error: unrecognized command line option '-qversion'; did you mean '--version'?
configure:3593: $? = 1
configure:3597: checking whether we are using the GNU C compiler
configure:3616: mpicc -c   conftest.c >&5
configure:3616: $? = 0
configure:3625: result: yes
configure:3634: checking whether mpicc accepts -g
configure:3654: mpicc -c -g  conftest.c >&5
configure:3654: $? = 0
configure:3695: result: yes
configure:3712: checking for mpicc option to accept ISO C89
configure:3775: mpicc  -c -g -O2  conftest.c >&5
configure:3775: $? = 0
configure:3788: result: none needed
configure:3818: checking for style of include used by make
configure:3846: result: GNU
configure:3872: checking dependency style of mpicc
configure:3983: result: gcc3
configure:4000: checking for actual compiler
configure:4026: result: gcc
configure:4208: checking for fpp
configure:4238: result: no
configure:4208: checking for cpp
configure:4224: found /usr/bin/cpp
configure:4235: result: cpp
configure:5314: checking platform is RICC
configure:5385: result: no
configure:5630: checking that generated files are newer than configure
configure:5636: result: done
configure:5683: creating ./config.status

## ---------------------- ##
## Running config.status. ##
## ---------------------- ##

This file was extended by genesis config.status 1.4.0, which was
generated by GNU Autoconf 2.69.  Invocation command line was

  CONFIG_FILES    = 
  CONFIG_HEADERS  = 
  CONFIG_LINKS    = 
  CONFIG_COMMANDS = 
  $ ./config.status 

on guest-Precision-7550

config.status:930: creating Makefile
config.status:930: creating src/Makefile
config.status:930: creating src/lib/Makefile
config.status:930: creating src/spdyn/Makefile
config.status:930: creating src/atdyn/Makefile
config.status:930: creating src/analysis/Makefile
config.status:930: creating src/analysis/libana/Makefile
config.status:930: creating src/analysis/trj_analysis/Makefile
config.status:930: creating src/analysis/trj_analysis/comcrd_analysis/Makefile
config.status:930: creating src/analysis/trj_analysis/msd_analysis/Makefile
config.status:930: creating src/analysis/trj_analysis/diffusion_analysis/Makefile
config.status:930: creating src/analysis/trj_analysis/distmat_analysis/Makefile
config.status:930: creating src/analysis/trj_analysis/drms_analysis/Makefile
config.status:930: creating src/analysis/trj_analysis/fret_analysis/Makefile
config.status:930: creating src/analysis/trj_analysis/hb_analysis/Makefile
config.status:930: creating src/analysis/trj_analysis/lipidthick_analysis/Makefile
config.status:930: creating src/analysis/trj_analysis/qval_analysis/Makefile
config.status:930: creating src/analysis/trj_analysis/rg_analysis/Makefile
config.status:930: creating src/analysis/trj_analysis/rmsd_analysis/Makefile
config.status:930: creating src/analysis/trj_analysis/tilt_analysis/Makefile
config.status:930: creating src/analysis/trj_analysis/trj_analysis/Makefile
config.status:930: creating src/analysis/trj_analysis/energy_analysis/Makefile
config.status:930: creating src/analysis/mode_analysis/Makefile
config.status:930: creating src/analysis/mode_analysis/avecrd_analysis/Makefile
config.status:930: creating src/analysis/mode_analysis/eigmat_analysis/Makefile
config.status:930: creating src/analysis/mode_analysis/flccrd_analysis/Makefile
config.status:930: creating src/analysis/mode_analysis/pcavec_drawer/Makefile
config.status:930: creating src/analysis/mode_analysis/prjcrd_analysis/Makefile
config.status:930: creating src/analysis/converter/Makefile
config.status:930: creating src/analysis/converter/crd_convert/Makefile
config.status:930: creating src/analysis/converter/pcrd_convert/Makefile
config.status:930: creating src/analysis/converter/remd_convert/Makefile
config.status:930: creating src/analysis/converter/rst_convert/Makefile
config.status:930: creating src/analysis/converter/rst_upgrade/Makefile
config.status:930: creating src/analysis/free_energy/Makefile
config.status:930: creating src/analysis/free_energy/mbar_analysis/Makefile
config.status:930: creating src/analysis/free_energy/meanforce_analysis/Makefile
config.status:930: creating src/analysis/free_energy/pmf_analysis/Makefile
config.status:930: creating src/analysis/free_energy/wham_analysis/Makefile
config.status:930: creating src/analysis/interface/Makefile
config.status:930: creating src/analysis/interface/dssp_interface/Makefile
config.status:930: creating src/analysis/clustering/Makefile
config.status:930: creating src/analysis/clustering/kmeans_clustering/Makefile
config.status:930: creating src/analysis/utilities/Makefile
config.status:930: creating src/analysis/utilities/pathcv_analysis/Makefile
config.status:930: creating src/analysis/utilities/qmmm_generator/Makefile
config.status:930: creating src/analysis/utilities/rpath_generator/Makefile
config.status:930: creating src/analysis/utilities/emmap_generator/Makefile
config.status:930: creating src/config.h
config.status:1111: src/config.h is unchanged
config.status:1159: executing depfiles commands

## ---------------- ##
## Cache variables. ##
## ---------------- ##

ac_cv_c_compiler_gnu=yes
ac_cv_env_CC_set=
ac_cv_env_CC_value=
ac_cv_env_CFLAGS_set=
ac_cv_env_CFLAGS_value=
ac_cv_env_CPPFLAGS_set=
ac_cv_env_CPPFLAGS_value=
ac_cv_env_F77_set=
ac_cv_env_F77_value=
ac_cv_env_FCFLAGS_set=
ac_cv_env_FCFLAGS_value=
ac_cv_env_FC_set=
ac_cv_env_FC_value=
ac_cv_env_FFLAGS_set=
ac_cv_env_FFLAGS_value=
ac_cv_env_LAPACK_LIBS_set=
ac_cv_env_LAPACK_LIBS_value=
ac_cv_env_LAPACK_PATH_set=
ac_cv_env_LAPACK_PATH_value=
ac_cv_env_LDFLAGS_set=
ac_cv_env_LDFLAGS_value=
ac_cv_env_LIBS_set=
ac_cv_env_LIBS_value=
ac_cv_env_build_alias_set=
ac_cv_env_build_alias_value=
ac_cv_env_host_alias_set=
ac_cv_env_host_alias_value=
ac_cv_env_target_alias_set=
ac_cv_env_target_alias_value=
ac_cv_f77_compiler_gnu=yes
ac_cv_fc_compiler_gnu=yes
ac_cv_objext=o
ac_cv_path_install='/usr/bin/install -c'
ac_cv_path_mkdir=/bin/mkdir
ac_cv_prog_AWK=mawk
ac_cv_prog_FPP=cpp
ac_cv_prog_ac_ct_CC=mpicc
ac_cv_prog_ac_ct_F77=mpif90
ac_cv_prog_ac_ct_FC=mpif90
ac_cv_prog_ac_ct_RANLIB=ranlib
ac_cv_prog_cc_c89=
ac_cv_prog_cc_g=yes
ac_cv_prog_f77_g=yes
ac_cv_prog_fc_g=yes
ac_cv_prog_make_make_set=yes
am_cv_CC_dependencies_compiler_type=gcc3
am_cv_make_support_nested_variables=yes

## ----------------- ##
## Output variables. ##
## ----------------- ##

ACLOCAL='${SHELL} /opt/genesis-1.4.0/missing aclocal-1.13'
AMDEPBACKSLASH='\'
AMDEP_FALSE='#'
AMDEP_TRUE=''
AMTAR='$${TAR-tar}'
AM_BACKSLASH='\'
AM_DEFAULT_V='$(AM_DEFAULT_VERBOSITY)'
AM_DEFAULT_VERBOSITY='1'
AM_V='$(V)'
ANALYSIS_FALSE='#'
ANALYSIS_TRUE=''
ARFLAGS=''
ATDYN_FALSE='#'
ATDYN_TRUE=''
AUTOCONF='${SHELL} /opt/genesis-1.4.0/missing autoconf'
AUTOHEADER='${SHELL} /opt/genesis-1.4.0/missing autoheader'
AUTOMAKE='${SHELL} /opt/genesis-1.4.0/missing automake-1.13'
AWK='mawk'
CC='mpicc'
CCDEPMODE='depmode=gcc3'
CFLAGS='-O3 -ffast-math -march=native -fopenmp'
CPPFLAGS=''
CUDAGPU_FALSE=''
CUDAGPU_TRUE='#'
CYGPATH_W='echo'
DEFS='-DHAVE_CONFIG_H'
DEPDIR='.deps'
ECHO_C=''
ECHO_N='-n'
ECHO_T=''
EXEEXT=''
F77='mpif90'
FC='mpif90'
FCFLAGS='-O3 -ffast-math -march=native -ffree-line-length-none -fopenmp '
FCFLAGS_FFTE_KERNEL_FPP__PGI__SP='-O3 -ffast-math -march=native -ffree-line-length-none -fopenmp '
FCFLAGS_FPP__PGI_NOOPT='-O3 -ffast-math -march=native -ffree-line-length-none -fopenmp '
FFLAGS='-g -O2'
FPP='cpp'
INSTALL_DATA='${INSTALL} -m 644'
INSTALL_PROGRAM='${INSTALL}'
INSTALL_SCRIPT='${INSTALL}'
INSTALL_STRIP_PROGRAM='$(install_sh) -c -s'
LAPACK_LIBS=''
LAPACK_PATH=''
LDFLAGS=' -fopenmp  -llapack -lblas '
LIBOBJS=''
LIBS=''
LTLIBOBJS=''
MAKEINFO='${SHELL} /opt/genesis-1.4.0/missing makeinfo'
MKDIR_P='/bin/mkdir -p'
NVCC=''
NVCCFLAG=''
OBJEXT='o'
PACKAGE='genesis'
PACKAGE_BUGREPORT='genesis@riken.jp'
PACKAGE_NAME='genesis'
PACKAGE_STRING='genesis 1.4.0'
PACKAGE_TARNAME='genesis'
PACKAGE_URL=''
PACKAGE_VERSION='1.4.0'
PARALLEL_IO_FALSE='#'
PARALLEL_IO_TRUE=''
PATH_SEPARATOR=':'
PGICOMP_FALSE=''
PGICOMP_TRUE='#'
PPFLAGS='-traditional-cpp -traditional'
RANLIB='ranlib'
SET_MAKE=''
SHELL='/bin/bash'
STRIP=''
USEKCOMP_FALSE=''
USEKCOMP_TRUE='#'
VERSION='1.4.0'
ac_ct_CC='mpicc'
ac_ct_F77='mpif90'
ac_ct_FC='mpif90'
am__EXEEXT_FALSE=''
am__EXEEXT_TRUE='#'
am__fastdepCC_FALSE='#'
am__fastdepCC_TRUE=''
am__include='include'
am__isrc=''
am__leading_dot='.'
am__nodep='_no'
am__quote=''
am__tar='$${TAR-tar} chof - "$$tardir"'
am__untar='$${TAR-tar} xf -'
bindir='${exec_prefix}/bin'
build_alias=''
check_fpp=''
datadir='${datarootdir}'
datarootdir='${prefix}/share'
docdir='${datarootdir}/doc/${PACKAGE_TARNAME}'
dvidir='${docdir}'
exec_prefix='${prefix}'
host_alias=''
htmldir='${docdir}'
includedir='${prefix}/include'
infodir='${datarootdir}/info'
install_sh='${SHELL} /opt/genesis-1.4.0/install-sh'
libdir='${exec_prefix}/lib'
libexecdir='${exec_prefix}/libexec'
localedir='${datarootdir}/locale'
localstatedir='${prefix}/var'
mandir='${datarootdir}/man'
mkdir_p='$(MKDIR_P)'
oldincludedir='/usr/include'
pdfdir='${docdir}'
prefix='/opt/genesis-1.4.0/'
program_transform_name='s,x,x,'
psdir='${docdir}'
sbindir='${exec_prefix}/sbin'
sharedstatedir='${prefix}/com'
sysconfdir='${prefix}/etc'
target_alias=''

## ----------- ##
## confdefs.h. ##
## ----------- ##

/* confdefs.h */
#define PACKAGE_NAME "genesis"
#define PACKAGE_TARNAME "genesis"
#define PACKAGE_VERSION "1.4.0"
#define PACKAGE_STRING "genesis 1.4.0"
#define PACKAGE_BUGREPORT "genesis@riken.jp"
#define PACKAGE_URL ""
#define PACKAGE "genesis"
#define VERSION "1.4.0"
#define MPI 1
#define OMP 1
#define FFTE 1
#define LAPACK 1
#define DSFMT_MEXP 19937
#define __GFORTRAN__ 1
#define COMPILE_HOST "guest-Precision-7550"
#define COMPILE_USER "guest"
#define COMPILE_GENESIS_VERSION "1.4.0 [2019-10-25 12:09:46 +0900]"
#define COMPILE_FC_VER "GNU Fortran (Ubuntu 7.5.0-3ubuntu1~18.04) 7.5.0"
#define COMPILE_CC_VER "gcc (Ubuntu 7.5.0-3ubuntu1~18.04) 7.5.0"
#define COMPILE_DEFINED_VARIABLES " -DMPI -DOMP -DFFTE -DLAPACK -DDSFMT_MEXP=19937 -D__GFORTRAN__"
#define COMPILE_FCFLAGS "-O3 -ffast-math -march=native -ffree-line-length-none -fopenmp "
#define COMPILE_CFLAGS "-O3 -ffast-math -march=native -fopenmp"
#define COMPILE_LDFLAGS " -fopenmp  -llapack -lblas "

configure: exit 0

## ---------------------- ##
## Running config.status. ##
## ---------------------- ##

This file was extended by genesis config.status 1.4.0, which was
generated by GNU Autoconf 2.69.  Invocation command line was

  CONFIG_FILES    = 
  CONFIG_HEADERS  = 
  CONFIG_LINKS    = 
  CONFIG_COMMANDS = 
  $ ./config.status src/atdyn/Makefile

on guest-Precision-7550

config.status:: creating src/atdyn/Makefile
